2025-08-22 07:50:17,197 [INFO] Starting DEB pipeline
2025-08-22 07:51:19,822 [INFO] Starting DEB pipeline
2025-08-22 08:04:07,667 [INFO] Starting DEB pipeline (single-file input: S_i, S_avg, c_label)
2025-08-22 08:04:07,673 [WARNING] xlo/xhi/... not found; deriving box from data span (less reliable for PBC).
2025-08-22 08:04:10,046 [INFO] Wrote DEB features: deb_out/deb_features.csv
2025-08-22 08:04:21,709 [INFO] Done.
2025-08-22 08:12:43,599 [INFO] Starting DEB pipeline (single-file input: S_i, S_avg, c_label)
2025-08-22 08:12:43,605 [WARNING] xlo/xhi/... not found; deriving box from data span (less reliable for PBC).
2025-08-22 08:12:45,980 [INFO] Wrote DEB features: deb_out/deb_features.csv
2025-08-22 08:12:57,696 [INFO] Done.
2025-08-22 08:15:10,378 [INFO] Starting DEB pipeline (single-file input: S_i, S_avg, c_label)
2025-08-22 08:15:10,384 [WARNING] xlo/xhi/... not found; deriving box from data span.
2025-08-22 08:15:12,761 [INFO] Wrote DEB features: deb_out/deb_features.csv
2025-08-22 08:15:24,606 [INFO] Done.
2025-08-22 08:16:36,571 [INFO] Starting DEB pipeline (single-file input: S_i, S_avg, c_label)
2025-08-22 08:16:36,576 [WARNING] xlo/xhi/... not found; deriving box from data span.
2025-08-22 08:16:38,963 [INFO] Wrote DEB features: deb_out/deb_features.csv
2025-08-22 08:16:50,781 [INFO] Done.
2025-08-22 08:18:29,986 [INFO] Starting DEB pipeline (single-file input: S_i, S_avg, c_label)
2025-08-22 08:18:29,992 [WARNING] xlo/xhi/... not found; deriving box from data span.
2025-08-22 08:18:32,367 [INFO] Wrote DEB features: deb_out/deb_features.csv
2025-08-22 08:18:44,172 [INFO] Done.
2025-08-22 08:35:12,246 [INFO] Starting DEB pipeline (single-file input: S_i, S_avg, c_label)
2025-08-22 08:35:12,251 [WARNING] xlo/xhi/... not found; deriving box from data span.
2025-08-22 08:35:14,670 [INFO] Wrote DEB features: deb_out/deb_features.csv
2025-08-22 08:35:26,467 [INFO] Done.
